26-Oct-2025 08:51:29.552 INFO [main] org.apache.catalina.startup.VersionLoggerListener.log Server version name:   Apache Tomcat/8.5.100
26-Oct-2025 08:51:29.555 INFO [main] org.apache.catalina.startup.VersionLoggerListener.log Server built:          Mar 19 2024 13:54:42 UTC
26-Oct-2025 08:51:29.555 INFO [main] org.apache.catalina.startup.VersionLoggerListener.log Server version number: 8.5.100.0
26-Oct-2025 08:51:29.555 INFO [main] org.apache.catalina.startup.VersionLoggerListener.log OS Name:               Linux
26-Oct-2025 08:51:29.555 INFO [main] org.apache.catalina.startup.VersionLoggerListener.log OS Version:            6.6.87.1-microsoft-standard-WSL2
26-Oct-2025 08:51:29.555 INFO [main] org.apache.catalina.startup.VersionLoggerListener.log Architecture:          amd64
26-Oct-2025 08:51:29.555 INFO [main] org.apache.catalina.startup.VersionLoggerListener.log Java Home:             /opt/java/openjdk/jre
26-Oct-2025 08:51:29.555 INFO [main] org.apache.catalina.startup.VersionLoggerListener.log JVM Version:           1.8.0_402-b06
26-Oct-2025 08:51:29.556 INFO [main] org.apache.catalina.startup.VersionLoggerListener.log JVM Vendor:            Temurin
26-Oct-2025 08:51:29.556 INFO [main] org.apache.catalina.startup.VersionLoggerListener.log CATALINA_BASE:         /usr/local/tomcat
26-Oct-2025 08:51:29.556 INFO [main] org.apache.catalina.startup.VersionLoggerListener.log CATALINA_HOME:         /usr/local/tomcat
26-Oct-2025 08:51:29.556 INFO [main] org.apache.catalina.startup.VersionLoggerListener.log Command line argument: -Djava.util.logging.config.file=/usr/local/tomcat/conf/logging.properties
26-Oct-2025 08:51:29.556 INFO [main] org.apache.catalina.startup.VersionLoggerListener.log Command line argument: -Djava.util.logging.manager=org.apache.juli.ClassLoaderLogManager
26-Oct-2025 08:51:29.556 INFO [main] org.apache.catalina.startup.VersionLoggerListener.log Command line argument: -Djdk.tls.ephemeralDHKeySize=2048
26-Oct-2025 08:51:29.556 INFO [main] org.apache.catalina.startup.VersionLoggerListener.log Command line argument: -Djava.protocol.handler.pkgs=org.apache.catalina.webresources
26-Oct-2025 08:51:29.556 INFO [main] org.apache.catalina.startup.VersionLoggerListener.log Command line argument: -Dorg.apache.catalina.security.SecurityListener.UMASK=0027
26-Oct-2025 08:51:29.556 INFO [main] org.apache.catalina.startup.VersionLoggerListener.log Command line argument: -Dignore.endorsed.dirs=
26-Oct-2025 08:51:29.557 INFO [main] org.apache.catalina.startup.VersionLoggerListener.log Command line argument: -Dcatalina.base=/usr/local/tomcat
26-Oct-2025 08:51:29.557 INFO [main] org.apache.catalina.startup.VersionLoggerListener.log Command line argument: -Dcatalina.home=/usr/local/tomcat
26-Oct-2025 08:51:29.557 INFO [main] org.apache.catalina.startup.VersionLoggerListener.log Command line argument: -Djava.io.tmpdir=/usr/local/tomcat/temp
26-Oct-2025 08:51:29.557 INFO [main] org.apache.catalina.core.AprLifecycleListener.lifecycleEvent Loaded Apache Tomcat Native library [1.2.39] using APR version [1.7.0].
26-Oct-2025 08:51:29.557 INFO [main] org.apache.catalina.core.AprLifecycleListener.lifecycleEvent APR capabilities: IPv6 [true], sendfile [true], accept filters [false], random [true], UDS [{4}].
26-Oct-2025 08:51:29.557 INFO [main] org.apache.catalina.core.AprLifecycleListener.lifecycleEvent APR/OpenSSL configuration: useAprConnector [false], useOpenSSL [true]
26-Oct-2025 08:51:29.561 INFO [main] org.apache.catalina.core.AprLifecycleListener.initializeSSL OpenSSL successfully initialized [OpenSSL 3.0.2 15 Mar 2022]
26-Oct-2025 08:51:29.656 INFO [main] org.apache.coyote.AbstractProtocol.init Initializing ProtocolHandler ["http-nio-8080"]
26-Oct-2025 08:51:29.681 INFO [main] org.apache.catalina.startup.Catalina.load Initialization processed in 711 ms
26-Oct-2025 08:51:29.741 INFO [main] org.apache.catalina.core.StandardService.startInternal Starting service [Catalina]
26-Oct-2025 08:51:29.741 INFO [main] org.apache.catalina.core.StandardEngine.startInternal Starting Servlet engine: [Apache Tomcat/8.5.100]
26-Oct-2025 08:51:29.763 INFO [main] org.apache.coyote.AbstractProtocol.start Starting ProtocolHandler ["http-nio-8080"]
26-Oct-2025 08:51:29.783 INFO [main] org.apache.catalina.startup.Catalina.start Server startup in 102 ms
26-Oct-2025 08:51:49.511 INFO [Thread-2] org.apache.coyote.AbstractProtocol.pause Pausing ProtocolHandler ["http-nio-8080"]
26-Oct-2025 08:51:49.520 INFO [Thread-2] org.apache.catalina.core.StandardService.stopInternal Stopping service [Catalina]
26-Oct-2025 08:51:49.524 INFO [Thread-2] org.apache.coyote.AbstractProtocol.stop Stopping ProtocolHandler ["http-nio-8080"]
26-Oct-2025 08:51:49.528 INFO [Thread-2] org.apache.coyote.AbstractProtocol.destroy Destroying ProtocolHandler ["http-nio-8080"]
26-Oct-2025 08:51:59.036 INFO [main] org.apache.catalina.startup.VersionLoggerListener.log Server version name:   Apache Tomcat/8.5.100
26-Oct-2025 08:51:59.042 INFO [main] org.apache.catalina.startup.VersionLoggerListener.log Server built:          Mar 19 2024 13:54:42 UTC
26-Oct-2025 08:51:59.042 INFO [main] org.apache.catalina.startup.VersionLoggerListener.log Server version number: 8.5.100.0
26-Oct-2025 08:51:59.042 INFO [main] org.apache.catalina.startup.VersionLoggerListener.log OS Name:               Linux
26-Oct-2025 08:51:59.043 INFO [main] org.apache.catalina.startup.VersionLoggerListener.log OS Version:            6.6.87.1-microsoft-standard-WSL2
26-Oct-2025 08:51:59.043 INFO [main] org.apache.catalina.startup.VersionLoggerListener.log Architecture:          amd64
26-Oct-2025 08:51:59.043 INFO [main] org.apache.catalina.startup.VersionLoggerListener.log Java Home:             /opt/java/openjdk/jre
26-Oct-2025 08:51:59.043 INFO [main] org.apache.catalina.startup.VersionLoggerListener.log JVM Version:           1.8.0_402-b06
26-Oct-2025 08:51:59.043 INFO [main] org.apache.catalina.startup.VersionLoggerListener.log JVM Vendor:            Temurin
26-Oct-2025 08:51:59.043 INFO [main] org.apache.catalina.startup.VersionLoggerListener.log CATALINA_BASE:         /usr/local/tomcat
26-Oct-2025 08:51:59.043 INFO [main] org.apache.catalina.startup.VersionLoggerListener.log CATALINA_HOME:         /usr/local/tomcat
26-Oct-2025 08:51:59.044 INFO [main] org.apache.catalina.startup.VersionLoggerListener.log Command line argument: -Djava.util.logging.config.file=/usr/local/tomcat/conf/logging.properties
26-Oct-2025 08:51:59.044 INFO [main] org.apache.catalina.startup.VersionLoggerListener.log Command line argument: -Djava.util.logging.manager=org.apache.juli.ClassLoaderLogManager
26-Oct-2025 08:51:59.044 INFO [main] org.apache.catalina.startup.VersionLoggerListener.log Command line argument: -Djdk.tls.ephemeralDHKeySize=2048
26-Oct-2025 08:51:59.044 INFO [main] org.apache.catalina.startup.VersionLoggerListener.log Command line argument: -Djava.protocol.handler.pkgs=org.apache.catalina.webresources
26-Oct-2025 08:51:59.044 INFO [main] org.apache.catalina.startup.VersionLoggerListener.log Command line argument: -Dorg.apache.catalina.security.SecurityListener.UMASK=0027
26-Oct-2025 08:51:59.044 INFO [main] org.apache.catalina.startup.VersionLoggerListener.log Command line argument: -Dignore.endorsed.dirs=
26-Oct-2025 08:51:59.044 INFO [main] org.apache.catalina.startup.VersionLoggerListener.log Command line argument: -Dcatalina.base=/usr/local/tomcat
26-Oct-2025 08:51:59.044 INFO [main] org.apache.catalina.startup.VersionLoggerListener.log Command line argument: -Dcatalina.home=/usr/local/tomcat
26-Oct-2025 08:51:59.044 INFO [main] org.apache.catalina.startup.VersionLoggerListener.log Command line argument: -Djava.io.tmpdir=/usr/local/tomcat/temp
26-Oct-2025 08:51:59.045 INFO [main] org.apache.catalina.core.AprLifecycleListener.lifecycleEvent Loaded Apache Tomcat Native library [1.2.39] using APR version [1.7.0].
26-Oct-2025 08:51:59.045 INFO [main] org.apache.catalina.core.AprLifecycleListener.lifecycleEvent APR capabilities: IPv6 [true], sendfile [true], accept filters [false], random [true], UDS [{4}].
26-Oct-2025 08:51:59.045 INFO [main] org.apache.catalina.core.AprLifecycleListener.lifecycleEvent APR/OpenSSL configuration: useAprConnector [false], useOpenSSL [true]
26-Oct-2025 08:51:59.050 INFO [main] org.apache.catalina.core.AprLifecycleListener.initializeSSL OpenSSL successfully initialized [OpenSSL 3.0.2 15 Mar 2022]
26-Oct-2025 08:51:59.151 INFO [main] org.apache.coyote.AbstractProtocol.init Initializing ProtocolHandler ["http-nio-8080"]
26-Oct-2025 08:51:59.174 INFO [main] org.apache.catalina.startup.Catalina.load Initialization processed in 564 ms
26-Oct-2025 08:51:59.207 INFO [main] org.apache.catalina.core.StandardService.startInternal Starting service [Catalina]
26-Oct-2025 08:51:59.207 INFO [main] org.apache.catalina.core.StandardEngine.startInternal Starting Servlet engine: [Apache Tomcat/8.5.100]
26-Oct-2025 08:51:59.228 INFO [main] org.apache.coyote.AbstractProtocol.start Starting ProtocolHandler ["http-nio-8080"]
26-Oct-2025 08:51:59.245 INFO [main] org.apache.catalina.startup.Catalina.start Server startup in 69 ms
26-Oct-2025 09:12:25.211 INFO [main] org.apache.catalina.startup.VersionLoggerListener.log Server version name:   Apache Tomcat/8.5.100
26-Oct-2025 09:12:25.217 INFO [main] org.apache.catalina.startup.VersionLoggerListener.log Server built:          Mar 19 2024 13:54:42 UTC
26-Oct-2025 09:12:25.217 INFO [main] org.apache.catalina.startup.VersionLoggerListener.log Server version number: 8.5.100.0
26-Oct-2025 09:12:25.217 INFO [main] org.apache.catalina.startup.VersionLoggerListener.log OS Name:               Linux
26-Oct-2025 09:12:25.217 INFO [main] org.apache.catalina.startup.VersionLoggerListener.log OS Version:            6.6.87.1-microsoft-standard-WSL2
26-Oct-2025 09:12:25.217 INFO [main] org.apache.catalina.startup.VersionLoggerListener.log Architecture:          amd64
26-Oct-2025 09:12:25.217 INFO [main] org.apache.catalina.startup.VersionLoggerListener.log Java Home:             /opt/java/openjdk/jre
26-Oct-2025 09:12:25.218 INFO [main] org.apache.catalina.startup.VersionLoggerListener.log JVM Version:           1.8.0_402-b06
26-Oct-2025 09:12:25.218 INFO [main] org.apache.catalina.startup.VersionLoggerListener.log JVM Vendor:            Temurin
26-Oct-2025 09:12:25.218 INFO [main] org.apache.catalina.startup.VersionLoggerListener.log CATALINA_BASE:         /usr/local/tomcat
26-Oct-2025 09:12:25.218 INFO [main] org.apache.catalina.startup.VersionLoggerListener.log CATALINA_HOME:         /usr/local/tomcat
26-Oct-2025 09:12:25.218 INFO [main] org.apache.catalina.startup.VersionLoggerListener.log Command line argument: -Djava.util.logging.config.file=/usr/local/tomcat/conf/logging.properties
26-Oct-2025 09:12:25.218 INFO [main] org.apache.catalina.startup.VersionLoggerListener.log Command line argument: -Djava.util.logging.manager=org.apache.juli.ClassLoaderLogManager
26-Oct-2025 09:12:25.218 INFO [main] org.apache.catalina.startup.VersionLoggerListener.log Command line argument: -Djdk.tls.ephemeralDHKeySize=2048
26-Oct-2025 09:12:25.219 INFO [main] org.apache.catalina.startup.VersionLoggerListener.log Command line argument: -Djava.protocol.handler.pkgs=org.apache.catalina.webresources
26-Oct-2025 09:12:25.219 INFO [main] org.apache.catalina.startup.VersionLoggerListener.log Command line argument: -Dorg.apache.catalina.security.SecurityListener.UMASK=0027
26-Oct-2025 09:12:25.219 INFO [main] org.apache.catalina.startup.VersionLoggerListener.log Command line argument: -Dignore.endorsed.dirs=
26-Oct-2025 09:12:25.219 INFO [main] org.apache.catalina.startup.VersionLoggerListener.log Command line argument: -Dcatalina.base=/usr/local/tomcat
26-Oct-2025 09:12:25.219 INFO [main] org.apache.catalina.startup.VersionLoggerListener.log Command line argument: -Dcatalina.home=/usr/local/tomcat
26-Oct-2025 09:12:25.219 INFO [main] org.apache.catalina.startup.VersionLoggerListener.log Command line argument: -Djava.io.tmpdir=/usr/local/tomcat/temp
26-Oct-2025 09:12:25.219 INFO [main] org.apache.catalina.core.AprLifecycleListener.lifecycleEvent Loaded Apache Tomcat Native library [1.2.39] using APR version [1.7.0].
26-Oct-2025 09:12:25.219 INFO [main] org.apache.catalina.core.AprLifecycleListener.lifecycleEvent APR capabilities: IPv6 [true], sendfile [true], accept filters [false], random [true], UDS [{4}].
26-Oct-2025 09:12:25.219 INFO [main] org.apache.catalina.core.AprLifecycleListener.lifecycleEvent APR/OpenSSL configuration: useAprConnector [false], useOpenSSL [true]
26-Oct-2025 09:12:25.234 INFO [main] org.apache.catalina.core.AprLifecycleListener.initializeSSL OpenSSL successfully initialized [OpenSSL 3.0.2 15 Mar 2022]
26-Oct-2025 09:12:25.366 INFO [main] org.apache.coyote.AbstractProtocol.init Initializing ProtocolHandler ["http-nio-8080"]
26-Oct-2025 09:12:25.418 INFO [main] org.apache.catalina.startup.Catalina.load Initialization processed in 945 ms
26-Oct-2025 09:12:25.543 INFO [main] org.apache.catalina.core.StandardService.startInternal Starting service [Catalina]
26-Oct-2025 09:12:25.544 INFO [main] org.apache.catalina.core.StandardEngine.startInternal Starting Servlet engine: [Apache Tomcat/8.5.100]
26-Oct-2025 09:12:25.595 INFO [main] org.apache.coyote.AbstractProtocol.start Starting ProtocolHandler ["http-nio-8080"]
26-Oct-2025 09:12:25.629 INFO [main] org.apache.catalina.startup.Catalina.start Server startup in 210 ms
26-Oct-2025 09:15:35.863 INFO [localhost-startStop-1] org.apache.catalina.startup.HostConfig.deployWAR Deploying web application archive [/usr/local/tomcat/webapps/ROOT.war]
26-Oct-2025 09:15:59.559 INFO [localhost-startStop-1] org.apache.jasper.servlet.TldScanner.scanJars At least one JAR was scanned for TLDs yet contained no TLDs. Enable debug logging for this logger for a complete list of JARs that were scanned but no TLDs were found in them. Skipping unneeded JARs during scanning can improve startup time and JSP compilation time.
26-Oct-2025 09:16:30.503 INFO [localhost-startStop-1] org.apache.catalina.startup.HostConfig.deployWAR Deployment of web application archive [/usr/local/tomcat/webapps/ROOT.war] has finished in [54,640] ms
26-Oct-2025 09:17:01.663 INFO [Thread-2] org.apache.coyote.AbstractProtocol.pause Pausing ProtocolHandler ["http-nio-8080"]
26-Oct-2025 09:17:01.666 INFO [Thread-2] org.apache.catalina.core.StandardService.stopInternal Stopping service [Catalina]
26-Oct-2025 09:17:01.934 WARNING [localhost-startStop-2] org.apache.catalina.loader.WebappClassLoaderBase.clearReferencesJdbc The web application [ROOT] registered the JDBC driver [org.mariadb.jdbc.Driver] but failed to unregister it when the web application was stopped. To prevent a memory leak, the JDBC Driver has been forcibly unregistered.
26-Oct-2025 09:17:01.959 INFO [Thread-2] org.apache.coyote.AbstractProtocol.stop Stopping ProtocolHandler ["http-nio-8080"]
26-Oct-2025 09:17:01.972 INFO [Thread-2] org.apache.coyote.AbstractProtocol.destroy Destroying ProtocolHandler ["http-nio-8080"]
